2026-02-11T00:55:47.698Z [ERROR]: Error running database migrations: Could not locate the bindings file. Tried:
 → /Users/ntoscano/dev/aiSandbox/realtyai-v2-poc/node_modules/.pnpm/better-sqlite3@11.10.0/node_modules/better-sqlite3/build/better_sqlite3.node
 → /Users/ntoscano/dev/aiSandbox/realtyai-v2-poc/node_modules/.pnpm/better-sqlite3@11.10.0/node_modules/better-sqlite3/build/Debug/better_sqlite3.node
 → /Users/ntoscano/dev/aiSandbox/realtyai-v2-poc/node_modules/.pnpm/better-sqlite3@11.10.0/node_modules/better-sqlite3/build/Release/better_sqlite3.node
 → /Users/ntoscano/dev/aiSandbox/realtyai-v2-poc/node_modules/.pnpm/better-sqlite3@11.10.0/node_modules/better-sqlite3/out/Debug/better_sqlite3.node
 → /Users/ntoscano/dev/aiSandbox/realtyai-v2-poc/node_modules/.pnpm/better-sqlite3@11.10.0/node_modules/better-sqlite3/Debug/better_sqlite3.node
 → /Users/ntoscano/dev/aiSandbox/realtyai-v2-poc/node_modules/.pnpm/better-sqlite3@11.10.0/node_modules/better-sqlite3/out/Release/better_sqlite3.node
 → /Users/ntoscano/dev/aiSandbox/realtyai-v2-poc/node_modules/.pnpm/better-sqlite3@11.10.0/node_modules/better-sqlite3/Release/better_sqlite3.node
 → /Users/ntoscano/dev/aiSandbox/realtyai-v2-poc/node_modules/.pnpm/better-sqlite3@11.10.0/node_modules/better-sqlite3/build/default/better_sqlite3.node
 → /Users/ntoscano/dev/aiSandbox/realtyai-v2-poc/node_modules/.pnpm/better-sqlite3@11.10.0/node_modules/better-sqlite3/compiled/20.19.5/darwin/x64/better_sqlite3.node
 → /Users/ntoscano/dev/aiSandbox/realtyai-v2-poc/node_modules/.pnpm/better-sqlite3@11.10.0/node_modules/better-sqlite3/addon-build/release/install-root/better_sqlite3.node
 → /Users/ntoscano/dev/aiSandbox/realtyai-v2-poc/node_modules/.pnpm/better-sqlite3@11.10.0/node_modules/better-sqlite3/addon-build/debug/install-root/better_sqlite3.node
 → /Users/ntoscano/dev/aiSandbox/realtyai-v2-poc/node_modules/.pnpm/better-sqlite3@11.10.0/node_modules/better-sqlite3/addon-build/default/install-root/better_sqlite3.node
 → /Users/ntoscano/dev/aiSandbox/realtyai-v2-poc/node_modules/.pnpm/better-sqlite3@11.10.0/node_modules/better-sqlite3/lib/binding/node-v115-darwin-x64/better_sqlite3.node
2026-02-11T00:56:00.150Z [ERROR]: Error running database migrations: Could not locate the bindings file. Tried:
 → /Users/ntoscano/dev/aiSandbox/realtyai-v2-poc/node_modules/.pnpm/better-sqlite3@11.10.0/node_modules/better-sqlite3/build/better_sqlite3.node
 → /Users/ntoscano/dev/aiSandbox/realtyai-v2-poc/node_modules/.pnpm/better-sqlite3@11.10.0/node_modules/better-sqlite3/build/Debug/better_sqlite3.node
 → /Users/ntoscano/dev/aiSandbox/realtyai-v2-poc/node_modules/.pnpm/better-sqlite3@11.10.0/node_modules/better-sqlite3/build/Release/better_sqlite3.node
 → /Users/ntoscano/dev/aiSandbox/realtyai-v2-poc/node_modules/.pnpm/better-sqlite3@11.10.0/node_modules/better-sqlite3/out/Debug/better_sqlite3.node
 → /Users/ntoscano/dev/aiSandbox/realtyai-v2-poc/node_modules/.pnpm/better-sqlite3@11.10.0/node_modules/better-sqlite3/Debug/better_sqlite3.node
 → /Users/ntoscano/dev/aiSandbox/realtyai-v2-poc/node_modules/.pnpm/better-sqlite3@11.10.0/node_modules/better-sqlite3/out/Release/better_sqlite3.node
 → /Users/ntoscano/dev/aiSandbox/realtyai-v2-poc/node_modules/.pnpm/better-sqlite3@11.10.0/node_modules/better-sqlite3/Release/better_sqlite3.node
 → /Users/ntoscano/dev/aiSandbox/realtyai-v2-poc/node_modules/.pnpm/better-sqlite3@11.10.0/node_modules/better-sqlite3/build/default/better_sqlite3.node
 → /Users/ntoscano/dev/aiSandbox/realtyai-v2-poc/node_modules/.pnpm/better-sqlite3@11.10.0/node_modules/better-sqlite3/compiled/20.19.5/darwin/x64/better_sqlite3.node
 → /Users/ntoscano/dev/aiSandbox/realtyai-v2-poc/node_modules/.pnpm/better-sqlite3@11.10.0/node_modules/better-sqlite3/addon-build/release/install-root/better_sqlite3.node
 → /Users/ntoscano/dev/aiSandbox/realtyai-v2-poc/node_modules/.pnpm/better-sqlite3@11.10.0/node_modules/better-sqlite3/addon-build/debug/install-root/better_sqlite3.node
 → /Users/ntoscano/dev/aiSandbox/realtyai-v2-poc/node_modules/.pnpm/better-sqlite3@11.10.0/node_modules/better-sqlite3/addon-build/default/install-root/better_sqlite3.node
 → /Users/ntoscano/dev/aiSandbox/realtyai-v2-poc/node_modules/.pnpm/better-sqlite3@11.10.0/node_modules/better-sqlite3/lib/binding/node-v115-darwin-x64/better_sqlite3.node
2026-02-11T00:56:00.664Z [ERROR]: Error running database migrations: Could not locate the bindings file. Tried:
 → /Users/ntoscano/dev/aiSandbox/realtyai-v2-poc/node_modules/.pnpm/better-sqlite3@11.10.0/node_modules/better-sqlite3/build/better_sqlite3.node
 → /Users/ntoscano/dev/aiSandbox/realtyai-v2-poc/node_modules/.pnpm/better-sqlite3@11.10.0/node_modules/better-sqlite3/build/Debug/better_sqlite3.node
 → /Users/ntoscano/dev/aiSandbox/realtyai-v2-poc/node_modules/.pnpm/better-sqlite3@11.10.0/node_modules/better-sqlite3/build/Release/better_sqlite3.node
 → /Users/ntoscano/dev/aiSandbox/realtyai-v2-poc/node_modules/.pnpm/better-sqlite3@11.10.0/node_modules/better-sqlite3/out/Debug/better_sqlite3.node
 → /Users/ntoscano/dev/aiSandbox/realtyai-v2-poc/node_modules/.pnpm/better-sqlite3@11.10.0/node_modules/better-sqlite3/Debug/better_sqlite3.node
 → /Users/ntoscano/dev/aiSandbox/realtyai-v2-poc/node_modules/.pnpm/better-sqlite3@11.10.0/node_modules/better-sqlite3/out/Release/better_sqlite3.node
 → /Users/ntoscano/dev/aiSandbox/realtyai-v2-poc/node_modules/.pnpm/better-sqlite3@11.10.0/node_modules/better-sqlite3/Release/better_sqlite3.node
 → /Users/ntoscano/dev/aiSandbox/realtyai-v2-poc/node_modules/.pnpm/better-sqlite3@11.10.0/node_modules/better-sqlite3/build/default/better_sqlite3.node
 → /Users/ntoscano/dev/aiSandbox/realtyai-v2-poc/node_modules/.pnpm/better-sqlite3@11.10.0/node_modules/better-sqlite3/compiled/20.19.5/darwin/x64/better_sqlite3.node
 → /Users/ntoscano/dev/aiSandbox/realtyai-v2-poc/node_modules/.pnpm/better-sqlite3@11.10.0/node_modules/better-sqlite3/addon-build/release/install-root/better_sqlite3.node
 → /Users/ntoscano/dev/aiSandbox/realtyai-v2-poc/node_modules/.pnpm/better-sqlite3@11.10.0/node_modules/better-sqlite3/addon-build/debug/install-root/better_sqlite3.node
 → /Users/ntoscano/dev/aiSandbox/realtyai-v2-poc/node_modules/.pnpm/better-sqlite3@11.10.0/node_modules/better-sqlite3/addon-build/default/install-root/better_sqlite3.node
 → /Users/ntoscano/dev/aiSandbox/realtyai-v2-poc/node_modules/.pnpm/better-sqlite3@11.10.0/node_modules/better-sqlite3/lib/binding/node-v115-darwin-x64/better_sqlite3.node
